<?xml version="1.0" encoding="UTF-8"?>
<coverage generated="1628202117108" clover="3.2.0">
  <project timestamp="1628202117108" name="All files">
    <metrics statements="144" coveredstatements="115" conditionals="77" coveredconditionals="59" methods="28" coveredmethods="24" elements="249" coveredelements="198" complexity="0" loc="144" ncloc="144" packages="1" files="3" classes="3"/>
    <file name="Mission.js" path="/home/kendall/Code/mars-rover-challange/Mission.js">
      <metrics statements="58" coveredstatements="33" conditionals="28" coveredconditionals="13" methods="9" coveredmethods="7"/>
      <line num="1" count="1" type="stmt"/>
      <line num="2" count="1" type="stmt"/>
      <line num="6" count="3" type="stmt"/>
      <line num="7" count="3" type="stmt"/>
      <line num="11" count="0" type="stmt"/>
      <line num="12" count="0" type="stmt"/>
      <line num="13" count="0" type="stmt"/>
      <line num="15" count="0" type="stmt"/>
      <line num="16" count="0" type="stmt"/>
      <line num="19" count="0" type="stmt"/>
      <line num="24" count="0" type="stmt"/>
      <line num="25" count="0" type="cond" truecount="0" falsecount="2"/>
      <line num="26" count="0" type="stmt"/>
      <line num="28" count="0" type="stmt"/>
      <line num="29" count="0" type="cond" truecount="0" falsecount="2"/>
      <line num="30" count="0" type="stmt"/>
      <line num="32" count="0" type="stmt"/>
      <line num="40" count="6" type="cond" truecount="2" falsecount="0"/>
      <line num="41" count="1" type="stmt"/>
      <line num="42" count="5" type="cond" truecount="2" falsecount="0"/>
      <line num="43" count="2" type="stmt"/>
      <line num="44" count="3" type="cond" truecount="1" falsecount="1"/>
      <line num="45" count="3" type="stmt"/>
      <line num="46" count="0" type="cond" truecount="0" falsecount="2"/>
      <line num="47" count="0" type="stmt"/>
      <line num="53" count="1" type="stmt"/>
      <line num="54" count="2" type="stmt"/>
      <line num="57" count="2" type="cond" truecount="1" falsecount="1"/>
      <line num="58" count="0" type="stmt"/>
      <line num="59" count="0" type="stmt"/>
      <line num="63" count="1" type="stmt"/>
      <line num="69" count="2" type="stmt"/>
      <line num="71" count="2" type="stmt"/>
      <line num="73" count="2" type="stmt"/>
      <line num="76" count="2" type="cond" truecount="3" falsecount="1"/>
      <line num="77" count="0" type="stmt"/>
      <line num="78" count="0" type="stmt"/>
      <line num="81" count="2" type="cond" truecount="1" falsecount="1"/>
      <line num="82" count="0" type="stmt"/>
      <line num="83" count="0" type="stmt"/>
      <line num="87" count="2" type="stmt"/>
      <line num="89" count="2" type="stmt"/>
      <line num="94" count="3" type="stmt"/>
      <line num="96" count="3" type="stmt"/>
      <line num="98" count="3" type="stmt"/>
      <line num="101" count="3" type="cond" truecount="1" falsecount="1"/>
      <line num="102" count="0" type="stmt"/>
      <line num="103" count="0" type="stmt"/>
      <line num="107" count="3" type="stmt"/>
      <line num="110" count="3" type="stmt"/>
      <line num="111" count="7" type="stmt"/>
      <line num="112" count="7" type="cond" truecount="1" falsecount="1"/>
      <line num="113" count="7" type="cond" truecount="1" falsecount="1"/>
      <line num="114" count="7" type="stmt"/>
      <line num="116" count="0" type="stmt"/>
      <line num="119" count="0" type="stmt"/>
      <line num="124" count="3" type="stmt"/>
      <line num="128" count="1" type="stmt"/>
    </file>
    <file name="Plateau.js" path="/home/kendall/Code/mars-rover-challange/Plateau.js">
      <metrics statements="63" coveredstatements="60" conditionals="39" coveredconditionals="37" methods="14" coveredmethods="12"/>
      <line num="3" count="14" type="stmt"/>
      <line num="4" count="14" type="stmt"/>
      <line num="5" count="14" type="stmt"/>
      <line num="6" count="14" type="stmt"/>
      <line num="10" count="5" type="cond" truecount="4" falsecount="0"/>
      <line num="11" count="2" type="stmt"/>
      <line num="14" count="3" type="stmt"/>
      <line num="15" count="4" type="stmt"/>
      <line num="17" count="3" type="cond" truecount="1" falsecount="1"/>
      <line num="18" count="5" type="stmt"/>
      <line num="19" count="3" type="stmt"/>
      <line num="20" count="3" type="stmt"/>
      <line num="23" count="3" type="stmt"/>
      <line num="27" count="21" type="stmt"/>
      <line num="29" count="21" type="stmt"/>
      <line num="30" count="21" type="stmt"/>
      <line num="34" count="21" type="cond" truecount="2" falsecount="0"/>
      <line num="35" count="1" type="stmt"/>
      <line num="36" count="1" type="stmt"/>
      <line num="37" count="1" type="stmt"/>
      <line num="39" count="20" type="cond" truecount="4" falsecount="0"/>
      <line num="40" count="16" type="stmt"/>
      <line num="43" count="4" type="stmt"/>
      <line num="44" count="4" type="stmt"/>
      <line num="45" count="4" type="stmt"/>
      <line num="46" count="4" type="stmt"/>
      <line num="51" count="25" type="cond" truecount="2" falsecount="0"/>
      <line num="52" count="10" type="stmt"/>
      <line num="53" count="10" type="stmt"/>
      <line num="54" count="10" type="stmt"/>
      <line num="59" count="26" type="stmt"/>
      <line num="60" count="11" type="cond" truecount="3" falsecount="0"/>
      <line num="65" count="53" type="cond" truecount="4" falsecount="0"/>
      <line num="66" count="4" type="stmt"/>
      <line num="69" count="49" type="cond" truecount="4" falsecount="0"/>
      <line num="70" count="4" type="stmt"/>
      <line num="73" count="45" type="stmt"/>
      <line num="77" count="28" type="cond" truecount="2" falsecount="0"/>
      <line num="78" count="3" type="stmt"/>
      <line num="81" count="25" type="stmt"/>
      <line num="83" count="25" type="cond" truecount="2" falsecount="0"/>
      <line num="84" count="4" type="stmt"/>
      <line num="87" count="21" type="stmt"/>
      <line num="91" count="10" type="cond" truecount="1" falsecount="1"/>
      <line num="92" count="0" type="stmt"/>
      <line num="95" count="10" type="cond" truecount="4" falsecount="0"/>
      <line num="96" count="3" type="stmt"/>
      <line num="97" count="3" type="stmt"/>
      <line num="100" count="7" type="stmt"/>
      <line num="103" count="7" type="cond" truecount="2" falsecount="0"/>
      <line num="105" count="4" type="stmt"/>
      <line num="106" count="4" type="stmt"/>
      <line num="109" count="3" type="stmt"/>
      <line num="111" count="3" type="cond" truecount="2" falsecount="0"/>
      <line num="112" count="2" type="stmt"/>
      <line num="114" count="1" type="stmt"/>
      <line num="115" count="1" type="stmt"/>
      <line num="117" count="3" type="stmt"/>
      <line num="118" count="3" type="stmt"/>
      <line num="119" count="3" type="stmt"/>
      <line num="125" count="0" type="stmt"/>
      <line num="127" count="0" type="stmt"/>
      <line num="131" count="3" type="stmt"/>
    </file>
    <file name="Rover.js" path="/home/kendall/Code/mars-rover-challange/Rover.js">
      <metrics statements="23" coveredstatements="22" conditionals="10" coveredconditionals="9" methods="5" coveredmethods="5"/>
      <line num="3" count="31" type="stmt"/>
      <line num="4" count="31" type="stmt"/>
      <line num="5" count="31" type="stmt"/>
      <line num="6" count="31" type="stmt"/>
      <line num="7" count="31" type="stmt"/>
      <line num="11" count="8" type="stmt"/>
      <line num="12" count="8" type="stmt"/>
      <line num="13" count="8" type="stmt"/>
      <line num="17" count="16" type="stmt"/>
      <line num="24" count="16" type="stmt"/>
      <line num="26" count="16" type="stmt"/>
      <line num="30" count="8" type="stmt"/>
      <line num="32" count="8" type="stmt"/>
      <line num="33" count="8" type="stmt"/>
      <line num="37" count="5" type="stmt"/>
      <line num="40" count="5" type="stmt"/>
      <line num="41" count="5" type="cond" truecount="4" falsecount="0"/>
      <line num="42" count="3" type="stmt"/>
      <line num="43" count="2" type="cond" truecount="3" falsecount="1"/>
      <line num="44" count="0" type="stmt"/>
      <line num="48" count="5" type="cond" truecount="2" falsecount="0"/>
      <line num="50" count="5" type="stmt"/>
      <line num="55" count="3" type="stmt"/>
    </file>
  </project>
</coverage>
