{"/home/kendall/Code/mars-rover-challange/Mission.js": {"path":"/home/kendall/Code/mars-rover-challange/Mission.js","statementMap":{"0":{"start":{"line":1,"column":16},"end":{"line":1,"column":36}},"1":{"start":{"line":2,"column":14},"end":{"line":2,"column":32}},"2":{"start":{"line":6,"column":8},"end":{"line":6,"column":41}},"3":{"start":{"line":7,"column":8},"end":{"line":7,"column":27}},"4":{"start":{"line":11,"column":8},"end":{"line":11,"column":61}},"5":{"start":{"line":12,"column":8},"end":{"line":12,"column":54}},"6":{"start":{"line":13,"column":22},"end":{"line":13,"column":46}},"7":{"start":{"line":15,"column":8},"end":{"line":17,"column":9}},"8":{"start":{"line":15,"column":20},"end":{"line":15,"column":21}},"9":{"start":{"line":16,"column":12},"end":{"line":16,"column":35}},"10":{"start":{"line":19,"column":8},"end":{"line":19,"column":35}},"11":{"start":{"line":23,"column":8},"end":{"line":23,"column":38}},"12":{"start":{"line":24,"column":8},"end":{"line":34,"column":9}},"13":{"start":{"line":25,"column":12},"end":{"line":25,"column":87}},"14":{"start":{"line":27,"column":12},"end":{"line":33,"column":13}},"15":{"start":{"line":28,"column":16},"end":{"line":32,"column":17}},"16":{"start":{"line":29,"column":20},"end":{"line":29,"column":109}},"17":{"start":{"line":31,"column":20},"end":{"line":31,"column":93}},"18":{"start":{"line":38,"column":8},"end":{"line":46,"column":9}},"19":{"start":{"line":39,"column":12},"end":{"line":39,"column":43}},"20":{"start":{"line":40,"column":15},"end":{"line":46,"column":9}},"21":{"start":{"line":41,"column":12},"end":{"line":41,"column":40}},"22":{"start":{"line":42,"column":15},"end":{"line":46,"column":9}},"23":{"start":{"line":43,"column":12},"end":{"line":43,"column":41}},"24":{"start":{"line":44,"column":15},"end":{"line":46,"column":9}},"25":{"start":{"line":45,"column":12},"end":{"line":45,"column":49}},"26":{"start":{"line":50,"column":27},"end":{"line":50,"column":71}},"27":{"start":{"line":51,"column":29},"end":{"line":51,"column":76}},"28":{"start":{"line":51,"column":62},"end":{"line":51,"column":75}},"29":{"start":{"line":53,"column":8},"end":{"line":56,"column":9}},"30":{"start":{"line":53,"column":39},"end":{"line":53,"column":42}},"31":{"start":{"line":54,"column":12},"end":{"line":54,"column":50}},"32":{"start":{"line":55,"column":12},"end":{"line":55,"column":18}},"33":{"start":{"line":58,"column":8},"end":{"line":58,"column":69}},"34":{"start":{"line":63,"column":29},"end":{"line":63,"column":53}},"35":{"start":{"line":65,"column":24},"end":{"line":65,"column":69}},"36":{"start":{"line":67,"column":28},"end":{"line":67,"column":71}},"37":{"start":{"line":69,"column":8},"end":{"line":72,"column":9}},"38":{"start":{"line":70,"column":12},"end":{"line":70,"column":49}},"39":{"start":{"line":71,"column":12},"end":{"line":71,"column":18}},"40":{"start":{"line":74,"column":8},"end":{"line":77,"column":9}},"41":{"start":{"line":75,"column":12},"end":{"line":75,"column":92}},"42":{"start":{"line":76,"column":12},"end":{"line":76,"column":18}},"43":{"start":{"line":79,"column":34},"end":{"line":79,"column":45}},"44":{"start":{"line":81,"column":8},"end":{"line":81,"column":86}},"45":{"start":{"line":85,"column":33},"end":{"line":85,"column":62}},"46":{"start":{"line":87,"column":24},"end":{"line":87,"column":73}},"47":{"start":{"line":89,"column":34},"end":{"line":89,"column":71}},"48":{"start":{"line":91,"column":8},"end":{"line":94,"column":9}},"49":{"start":{"line":92,"column":12},"end":{"line":92,"column":49}},"50":{"start":{"line":93,"column":12},"end":{"line":93,"column":18}},"51":{"start":{"line":96,"column":8},"end":{"line":96,"column":48}},"52":{"start":{"line":98,"column":8},"end":{"line":110,"column":9}},"53":{"start":{"line":98,"column":21},"end":{"line":98,"column":22}},"54":{"start":{"line":99,"column":24},"end":{"line":99,"column":51}},"55":{"start":{"line":100,"column":12},"end":{"line":108,"column":13}},"56":{"start":{"line":101,"column":16},"end":{"line":105,"column":17}},"57":{"start":{"line":102,"column":20},"end":{"line":102,"column":53}},"58":{"start":{"line":104,"column":20},"end":{"line":104,"column":161}},"59":{"start":{"line":107,"column":16},"end":{"line":107,"column":22}},"60":{"start":{"line":112,"column":8},"end":{"line":112,"column":57}},"61":{"start":{"line":116,"column":0},"end":{"line":116,"column":25}}},"fnMap":{"0":{"name":"(anonymous_0)","decl":{"start":{"line":5,"column":4},"end":{"line":5,"column":5}},"loc":{"start":{"line":5,"column":35},"end":{"line":8,"column":5}},"line":5},"1":{"name":"(anonymous_1)","decl":{"start":{"line":10,"column":4},"end":{"line":10,"column":5}},"loc":{"start":{"line":10,"column":58},"end":{"line":20,"column":5}},"line":10},"2":{"name":"(anonymous_2)","decl":{"start":{"line":22,"column":4},"end":{"line":22,"column":5}},"loc":{"start":{"line":22,"column":27},"end":{"line":35,"column":5}},"line":22},"3":{"name":"(anonymous_3)","decl":{"start":{"line":37,"column":4},"end":{"line":37,"column":5}},"loc":{"start":{"line":37,"column":19},"end":{"line":47,"column":5}},"line":37},"4":{"name":"(anonymous_4)","decl":{"start":{"line":49,"column":4},"end":{"line":49,"column":5}},"loc":{"start":{"line":49,"column":30},"end":{"line":60,"column":5}},"line":49},"5":{"name":"(anonymous_5)","decl":{"start":{"line":51,"column":55},"end":{"line":51,"column":56}},"loc":{"start":{"line":51,"column":62},"end":{"line":51,"column":75}},"line":51},"6":{"name":"(anonymous_6)","decl":{"start":{"line":53,"column":32},"end":{"line":53,"column":33}},"loc":{"start":{"line":53,"column":39},"end":{"line":53,"column":42}},"line":53},"7":{"name":"(anonymous_7)","decl":{"start":{"line":62,"column":4},"end":{"line":62,"column":5}},"loc":{"start":{"line":62,"column":27},"end":{"line":82,"column":5}},"line":62},"8":{"name":"(anonymous_8)","decl":{"start":{"line":84,"column":4},"end":{"line":84,"column":5}},"loc":{"start":{"line":84,"column":28},"end":{"line":113,"column":5}},"line":84}},"branchMap":{"0":{"loc":{"start":{"line":5,"column":16},"end":{"line":5,"column":33}},"type":"default-arg","locations":[{"start":{"line":5,"column":31},"end":{"line":5,"column":33}}],"line":5},"1":{"loc":{"start":{"line":10,"column":24},"end":{"line":10,"column":56}},"type":"default-arg","locations":[{"start":{"line":10,"column":39},"end":{"line":10,"column":56}}],"line":10},"2":{"loc":{"start":{"line":24,"column":8},"end":{"line":34,"column":9}},"type":"if","locations":[{"start":{"line":24,"column":8},"end":{"line":34,"column":9}},{"start":{"line":24,"column":8},"end":{"line":34,"column":9}}],"line":24},"3":{"loc":{"start":{"line":28,"column":16},"end":{"line":32,"column":17}},"type":"if","locations":[{"start":{"line":28,"column":16},"end":{"line":32,"column":17}},{"start":{"line":28,"column":16},"end":{"line":32,"column":17}}],"line":28},"4":{"loc":{"start":{"line":38,"column":8},"end":{"line":46,"column":9}},"type":"if","locations":[{"start":{"line":38,"column":8},"end":{"line":46,"column":9}},{"start":{"line":38,"column":8},"end":{"line":46,"column":9}}],"line":38},"5":{"loc":{"start":{"line":40,"column":15},"end":{"line":46,"column":9}},"type":"if","locations":[{"start":{"line":40,"column":15},"end":{"line":46,"column":9}},{"start":{"line":40,"column":15},"end":{"line":46,"column":9}}],"line":40},"6":{"loc":{"start":{"line":42,"column":15},"end":{"line":46,"column":9}},"type":"if","locations":[{"start":{"line":42,"column":15},"end":{"line":46,"column":9}},{"start":{"line":42,"column":15},"end":{"line":46,"column":9}}],"line":42},"7":{"loc":{"start":{"line":44,"column":15},"end":{"line":46,"column":9}},"type":"if","locations":[{"start":{"line":44,"column":15},"end":{"line":46,"column":9}},{"start":{"line":44,"column":15},"end":{"line":46,"column":9}}],"line":44},"8":{"loc":{"start":{"line":53,"column":8},"end":{"line":56,"column":9}},"type":"if","locations":[{"start":{"line":53,"column":8},"end":{"line":56,"column":9}},{"start":{"line":53,"column":8},"end":{"line":56,"column":9}}],"line":53},"9":{"loc":{"start":{"line":69,"column":8},"end":{"line":72,"column":9}},"type":"if","locations":[{"start":{"line":69,"column":8},"end":{"line":72,"column":9}},{"start":{"line":69,"column":8},"end":{"line":72,"column":9}}],"line":69},"10":{"loc":{"start":{"line":69,"column":12},"end":{"line":69,"column":48}},"type":"binary-expr","locations":[{"start":{"line":69,"column":12},"end":{"line":69,"column":20}},{"start":{"line":69,"column":24},"end":{"line":69,"column":48}}],"line":69},"11":{"loc":{"start":{"line":74,"column":8},"end":{"line":77,"column":9}},"type":"if","locations":[{"start":{"line":74,"column":8},"end":{"line":77,"column":9}},{"start":{"line":74,"column":8},"end":{"line":77,"column":9}}],"line":74},"12":{"loc":{"start":{"line":91,"column":8},"end":{"line":94,"column":9}},"type":"if","locations":[{"start":{"line":91,"column":8},"end":{"line":94,"column":9}},{"start":{"line":91,"column":8},"end":{"line":94,"column":9}}],"line":91},"13":{"loc":{"start":{"line":100,"column":12},"end":{"line":108,"column":13}},"type":"if","locations":[{"start":{"line":100,"column":12},"end":{"line":108,"column":13}},{"start":{"line":100,"column":12},"end":{"line":108,"column":13}}],"line":100},"14":{"loc":{"start":{"line":101,"column":16},"end":{"line":105,"column":17}},"type":"if","locations":[{"start":{"line":101,"column":16},"end":{"line":105,"column":17}},{"start":{"line":101,"column":16},"end":{"line":105,"column":17}}],"line":101}},"s":{"0":1,"1":1,"2":3,"3":3,"4":0,"5":0,"6":0,"7":0,"8":0,"9":0,"10":0,"11":0,"12":0,"13":0,"14":0,"15":0,"16":0,"17":0,"18":6,"19":1,"20":5,"21":2,"22":3,"23":3,"24":0,"25":0,"26":1,"27":1,"28":2,"29":1,"30":2,"31":0,"32":0,"33":1,"34":2,"35":2,"36":2,"37":2,"38":0,"39":0,"40":2,"41":0,"42":0,"43":2,"44":2,"45":3,"46":3,"47":3,"48":3,"49":0,"50":0,"51":3,"52":3,"53":3,"54":7,"55":7,"56":7,"57":7,"58":0,"59":0,"60":3,"61":1},"f":{"0":3,"1":0,"2":0,"3":6,"4":1,"5":2,"6":2,"7":2,"8":3},"b":{"0":[0],"1":[0],"2":[0,0],"3":[0,0],"4":[1,5],"5":[2,3],"6":[3,0],"7":[0,0],"8":[0,1],"9":[0,2],"10":[2,2],"11":[0,2],"12":[0,3],"13":[7,0],"14":[7,0]},"_coverageSchema":"1a1c01bbd47fc00a2c39e90264f33305004495a9","hash":"ee44f8ed6e7c1b013eff7b6d1a1f7957726ef771"}
,"/home/kendall/Code/mars-rover-challange/Plateau.js": {"path":"/home/kendall/Code/mars-rover-challange/Plateau.js","statementMap":{"0":{"start":{"line":3,"column":8},"end":{"line":3,"column":27}},"1":{"start":{"line":4,"column":8},"end":{"line":4,"column":29}},"2":{"start":{"line":5,"column":8},"end":{"line":5,"column":25}},"3":{"start":{"line":6,"column":8},"end":{"line":6,"column":31}},"4":{"start":{"line":10,"column":8},"end":{"line":12,"column":9}},"5":{"start":{"line":11,"column":12},"end":{"line":11,"column":35}},"6":{"start":{"line":14,"column":8},"end":{"line":14,"column":30}},"7":{"start":{"line":15,"column":32},"end":{"line":15,"column":74}},"8":{"start":{"line":15,"column":58},"end":{"line":15,"column":73}},"9":{"start":{"line":17,"column":8},"end":{"line":21,"column":9}},"10":{"start":{"line":18,"column":12},"end":{"line":18,"column":71}},"11":{"start":{"line":18,"column":54},"end":{"line":18,"column":69}},"12":{"start":{"line":19,"column":12},"end":{"line":19,"column":47}},"13":{"start":{"line":20,"column":12},"end":{"line":20,"column":47}},"14":{"start":{"line":23,"column":8},"end":{"line":23,"column":32}},"15":{"start":{"line":27,"column":8},"end":{"line":27,"column":30}},"16":{"start":{"line":29,"column":8},"end":{"line":29,"column":32}},"17":{"start":{"line":30,"column":8},"end":{"line":30,"column":42}},"18":{"start":{"line":32,"column":8},"end":{"line":44,"column":9}},"19":{"start":{"line":32,"column":45},"end":{"line":32,"column":73}},"20":{"start":{"line":33,"column":12},"end":{"line":33,"column":112}},"21":{"start":{"line":34,"column":12},"end":{"line":34,"column":36}},"22":{"start":{"line":35,"column":12},"end":{"line":35,"column":45}},"23":{"start":{"line":36,"column":15},"end":{"line":44,"column":9}},"24":{"start":{"line":37,"column":12},"end":{"line":37,"column":83}},"25":{"start":{"line":40,"column":12},"end":{"line":40,"column":74}},"26":{"start":{"line":41,"column":12},"end":{"line":41,"column":38}},"27":{"start":{"line":42,"column":12},"end":{"line":42,"column":47}},"28":{"start":{"line":43,"column":12},"end":{"line":43,"column":35}},"29":{"start":{"line":48,"column":8},"end":{"line":52,"column":9}},"30":{"start":{"line":49,"column":12},"end":{"line":49,"column":44}},"31":{"start":{"line":50,"column":12},"end":{"line":50,"column":47}},"32":{"start":{"line":51,"column":12},"end":{"line":51,"column":35}},"33":{"start":{"line":56,"column":8},"end":{"line":58,"column":11}},"34":{"start":{"line":57,"column":12},"end":{"line":57,"column":82}},"35":{"start":{"line":62,"column":8},"end":{"line":64,"column":9}},"36":{"start":{"line":63,"column":12},"end":{"line":63,"column":24}},"37":{"start":{"line":66,"column":8},"end":{"line":68,"column":9}},"38":{"start":{"line":67,"column":12},"end":{"line":67,"column":24}},"39":{"start":{"line":70,"column":8},"end":{"line":70,"column":19}},"40":{"start":{"line":74,"column":8},"end":{"line":76,"column":9}},"41":{"start":{"line":75,"column":12},"end":{"line":75,"column":24}},"42":{"start":{"line":78,"column":27},"end":{"line":78,"column":60}},"43":{"start":{"line":80,"column":8},"end":{"line":82,"column":9}},"44":{"start":{"line":81,"column":12},"end":{"line":81,"column":24}},"45":{"start":{"line":84,"column":8},"end":{"line":84,"column":19}},"46":{"start":{"line":88,"column":8},"end":{"line":90,"column":9}},"47":{"start":{"line":89,"column":12},"end":{"line":89,"column":19}},"48":{"start":{"line":92,"column":8},"end":{"line":114,"column":9}},"49":{"start":{"line":93,"column":12},"end":{"line":93,"column":39}},"50":{"start":{"line":94,"column":12},"end":{"line":94,"column":94}},"51":{"start":{"line":96,"column":32},"end":{"line":96,"column":77}},"52":{"start":{"line":97,"column":12},"end":{"line":113,"column":13}},"53":{"start":{"line":98,"column":16},"end":{"line":98,"column":88}},"54":{"start":{"line":99,"column":16},"end":{"line":99,"column":47}},"55":{"start":{"line":102,"column":16},"end":{"line":102,"column":89}},"56":{"start":{"line":104,"column":16},"end":{"line":109,"column":17}},"57":{"start":{"line":105,"column":20},"end":{"line":105,"column":82}},"58":{"start":{"line":107,"column":42},"end":{"line":107,"column":101}},"59":{"start":{"line":108,"column":20},"end":{"line":108,"column":126}},"60":{"start":{"line":110,"column":16},"end":{"line":110,"column":42}},"61":{"start":{"line":111,"column":16},"end":{"line":111,"column":51}},"62":{"start":{"line":112,"column":16},"end":{"line":112,"column":39}},"63":{"start":{"line":118,"column":8},"end":{"line":118,"column":30}},"64":{"start":{"line":120,"column":8},"end":{"line":120,"column":67}},"65":{"start":{"line":120,"column":43},"end":{"line":120,"column":66}},"66":{"start":{"line":124,"column":0},"end":{"line":124,"column":25}}},"fnMap":{"0":{"name":"(anonymous_0)","decl":{"start":{"line":2,"column":4},"end":{"line":2,"column":5}},"loc":{"start":{"line":2,"column":31},"end":{"line":7,"column":5}},"line":2},"1":{"name":"(anonymous_1)","decl":{"start":{"line":9,"column":4},"end":{"line":9,"column":5}},"loc":{"start":{"line":9,"column":26},"end":{"line":24,"column":5}},"line":9},"2":{"name":"(anonymous_2)","decl":{"start":{"line":15,"column":49},"end":{"line":15,"column":50}},"loc":{"start":{"line":15,"column":58},"end":{"line":15,"column":73}},"line":15},"3":{"name":"(anonymous_3)","decl":{"start":{"line":18,"column":45},"end":{"line":18,"column":46}},"loc":{"start":{"line":18,"column":54},"end":{"line":18,"column":69}},"line":18},"4":{"name":"(anonymous_4)","decl":{"start":{"line":26,"column":4},"end":{"line":26,"column":5}},"loc":{"start":{"line":26,"column":20},"end":{"line":45,"column":5}},"line":26},"5":{"name":"(anonymous_5)","decl":{"start":{"line":32,"column":29},"end":{"line":32,"column":30}},"loc":{"start":{"line":32,"column":45},"end":{"line":32,"column":73}},"line":32},"6":{"name":"(anonymous_6)","decl":{"start":{"line":47,"column":4},"end":{"line":47,"column":5}},"loc":{"start":{"line":47,"column":22},"end":{"line":53,"column":5}},"line":47},"7":{"name":"(anonymous_7)","decl":{"start":{"line":55,"column":4},"end":{"line":55,"column":5}},"loc":{"start":{"line":55,"column":33},"end":{"line":59,"column":5}},"line":55},"8":{"name":"(anonymous_8)","decl":{"start":{"line":56,"column":32},"end":{"line":56,"column":33}},"loc":{"start":{"line":56,"column":41},"end":{"line":58,"column":9}},"line":56},"9":{"name":"(anonymous_9)","decl":{"start":{"line":61,"column":4},"end":{"line":61,"column":5}},"loc":{"start":{"line":61,"column":26},"end":{"line":71,"column":5}},"line":61},"10":{"name":"(anonymous_10)","decl":{"start":{"line":73,"column":4},"end":{"line":73,"column":5}},"loc":{"start":{"line":73,"column":22},"end":{"line":85,"column":5}},"line":73},"11":{"name":"(anonymous_11)","decl":{"start":{"line":87,"column":4},"end":{"line":87,"column":5}},"loc":{"start":{"line":87,"column":25},"end":{"line":115,"column":5}},"line":87},"12":{"name":"(anonymous_12)","decl":{"start":{"line":117,"column":4},"end":{"line":117,"column":5}},"loc":{"start":{"line":117,"column":25},"end":{"line":121,"column":5}},"line":117},"13":{"name":"(anonymous_13)","decl":{"start":{"line":120,"column":34},"end":{"line":120,"column":35}},"loc":{"start":{"line":120,"column":43},"end":{"line":120,"column":66}},"line":120}},"branchMap":{"0":{"loc":{"start":{"line":10,"column":8},"end":{"line":12,"column":9}},"type":"if","locations":[{"start":{"line":10,"column":8},"end":{"line":12,"column":9}},{"start":{"line":10,"column":8},"end":{"line":12,"column":9}}],"line":10},"1":{"loc":{"start":{"line":10,"column":12},"end":{"line":10,"column":58}},"type":"binary-expr","locations":[{"start":{"line":10,"column":12},"end":{"line":10,"column":28}},{"start":{"line":10,"column":32},"end":{"line":10,"column":58}}],"line":10},"2":{"loc":{"start":{"line":17,"column":8},"end":{"line":21,"column":9}},"type":"if","locations":[{"start":{"line":17,"column":8},"end":{"line":21,"column":9}},{"start":{"line":17,"column":8},"end":{"line":21,"column":9}}],"line":17},"3":{"loc":{"start":{"line":32,"column":8},"end":{"line":44,"column":9}},"type":"if","locations":[{"start":{"line":32,"column":8},"end":{"line":44,"column":9}},{"start":{"line":32,"column":8},"end":{"line":44,"column":9}}],"line":32},"4":{"loc":{"start":{"line":36,"column":15},"end":{"line":44,"column":9}},"type":"if","locations":[{"start":{"line":36,"column":15},"end":{"line":44,"column":9}},{"start":{"line":36,"column":15},"end":{"line":44,"column":9}}],"line":36},"5":{"loc":{"start":{"line":36,"column":19},"end":{"line":36,"column":95}},"type":"binary-expr","locations":[{"start":{"line":36,"column":19},"end":{"line":36,"column":57}},{"start":{"line":36,"column":61},"end":{"line":36,"column":95}}],"line":36},"6":{"loc":{"start":{"line":48,"column":8},"end":{"line":52,"column":9}},"type":"if","locations":[{"start":{"line":48,"column":8},"end":{"line":52,"column":9}},{"start":{"line":48,"column":8},"end":{"line":52,"column":9}}],"line":48},"7":{"loc":{"start":{"line":57,"column":19},"end":{"line":57,"column":81}},"type":"binary-expr","locations":[{"start":{"line":57,"column":19},"end":{"line":57,"column":47}},{"start":{"line":57,"column":51},"end":{"line":57,"column":64}},{"start":{"line":57,"column":68},"end":{"line":57,"column":81}}],"line":57},"8":{"loc":{"start":{"line":62,"column":8},"end":{"line":64,"column":9}},"type":"if","locations":[{"start":{"line":62,"column":8},"end":{"line":64,"column":9}},{"start":{"line":62,"column":8},"end":{"line":64,"column":9}}],"line":62},"9":{"loc":{"start":{"line":62,"column":12},"end":{"line":62,"column":45}},"type":"binary-expr","locations":[{"start":{"line":62,"column":12},"end":{"line":62,"column":26}},{"start":{"line":62,"column":30},"end":{"line":62,"column":45}}],"line":62},"10":{"loc":{"start":{"line":66,"column":8},"end":{"line":68,"column":9}},"type":"if","locations":[{"start":{"line":66,"column":8},"end":{"line":68,"column":9}},{"start":{"line":66,"column":8},"end":{"line":68,"column":9}}],"line":66},"11":{"loc":{"start":{"line":66,"column":12},"end":{"line":66,"column":26}},"type":"binary-expr","locations":[{"start":{"line":66,"column":12},"end":{"line":66,"column":17}},{"start":{"line":66,"column":21},"end":{"line":66,"column":26}}],"line":66},"12":{"loc":{"start":{"line":74,"column":8},"end":{"line":76,"column":9}},"type":"if","locations":[{"start":{"line":74,"column":8},"end":{"line":76,"column":9}},{"start":{"line":74,"column":8},"end":{"line":76,"column":9}}],"line":74},"13":{"loc":{"start":{"line":80,"column":8},"end":{"line":82,"column":9}},"type":"if","locations":[{"start":{"line":80,"column":8},"end":{"line":82,"column":9}},{"start":{"line":80,"column":8},"end":{"line":82,"column":9}}],"line":80},"14":{"loc":{"start":{"line":88,"column":8},"end":{"line":90,"column":9}},"type":"if","locations":[{"start":{"line":88,"column":8},"end":{"line":90,"column":9}},{"start":{"line":88,"column":8},"end":{"line":90,"column":9}}],"line":88},"15":{"loc":{"start":{"line":92,"column":8},"end":{"line":114,"column":9}},"type":"if","locations":[{"start":{"line":92,"column":8},"end":{"line":114,"column":9}},{"start":{"line":92,"column":8},"end":{"line":114,"column":9}}],"line":92},"16":{"loc":{"start":{"line":92,"column":12},"end":{"line":92,"column":38}},"type":"binary-expr","locations":[{"start":{"line":92,"column":12},"end":{"line":92,"column":23}},{"start":{"line":92,"column":27},"end":{"line":92,"column":38}}],"line":92},"17":{"loc":{"start":{"line":97,"column":12},"end":{"line":113,"column":13}},"type":"if","locations":[{"start":{"line":97,"column":12},"end":{"line":113,"column":13}},{"start":{"line":97,"column":12},"end":{"line":113,"column":13}}],"line":97},"18":{"loc":{"start":{"line":104,"column":16},"end":{"line":109,"column":17}},"type":"if","locations":[{"start":{"line":104,"column":16},"end":{"line":109,"column":17}},{"start":{"line":104,"column":16},"end":{"line":109,"column":17}}],"line":104}},"s":{"0":14,"1":14,"2":14,"3":14,"4":5,"5":2,"6":3,"7":3,"8":4,"9":3,"10":3,"11":5,"12":3,"13":3,"14":3,"15":21,"16":21,"17":21,"18":21,"19":8,"20":1,"21":1,"22":1,"23":20,"24":16,"25":4,"26":4,"27":4,"28":4,"29":25,"30":10,"31":10,"32":10,"33":26,"34":11,"35":53,"36":4,"37":49,"38":4,"39":45,"40":28,"41":3,"42":25,"43":25,"44":4,"45":21,"46":10,"47":0,"48":10,"49":3,"50":3,"51":7,"52":7,"53":4,"54":4,"55":3,"56":3,"57":2,"58":1,"59":1,"60":3,"61":3,"62":3,"63":0,"64":0,"65":0,"66":3},"f":{"0":14,"1":5,"2":4,"3":5,"4":21,"5":8,"6":25,"7":26,"8":11,"9":53,"10":28,"11":10,"12":0,"13":0},"b":{"0":[2,3],"1":[5,3],"2":[3,0],"3":[1,20],"4":[16,4],"5":[20,18],"6":[10,15],"7":[11,11,5],"8":[4,49],"9":[53,49],"10":[4,45],"11":[49,47],"12":[3,25],"13":[4,21],"14":[0,10],"15":[3,7],"16":[10,8],"17":[4,3],"18":[2,1]},"_coverageSchema":"1a1c01bbd47fc00a2c39e90264f33305004495a9","hash":"f56ebaac162910e4febfde2cb8a9eaf43bb52fb2"}
,"/home/kendall/Code/mars-rover-challange/Rover.js": {"path":"/home/kendall/Code/mars-rover-challange/Rover.js","statementMap":{"0":{"start":{"line":3,"column":8},"end":{"line":3,"column":21}},"1":{"start":{"line":4,"column":8},"end":{"line":4,"column":19}},"2":{"start":{"line":5,"column":8},"end":{"line":5,"column":19}},"3":{"start":{"line":6,"column":8},"end":{"line":6,"column":35}},"4":{"start":{"line":7,"column":8},"end":{"line":7,"column":30}},"5":{"start":{"line":11,"column":8},"end":{"line":11,"column":20}},"6":{"start":{"line":12,"column":8},"end":{"line":12,"column":20}},"7":{"start":{"line":13,"column":8},"end":{"line":13,"column":34}},"8":{"start":{"line":17,"column":27},"end":{"line":22,"column":9}},"9":{"start":{"line":24,"column":31},"end":{"line":24,"column":57}},"10":{"start":{"line":26,"column":8},"end":{"line":26,"column":72}},"11":{"start":{"line":30,"column":31},"end":{"line":30,"column":64}},"12":{"start":{"line":32,"column":8},"end":{"line":32,"column":35}},"13":{"start":{"line":33,"column":8},"end":{"line":33,"column":35}},"14":{"start":{"line":37,"column":24},"end":{"line":37,"column":44}},"15":{"start":{"line":39,"column":21},"end":{"line":39,"column":52}},"16":{"start":{"line":40,"column":8},"end":{"line":44,"column":9}},"17":{"start":{"line":41,"column":12},"end":{"line":41,"column":36}},"18":{"start":{"line":42,"column":15},"end":{"line":44,"column":9}},"19":{"start":{"line":43,"column":12},"end":{"line":43,"column":24}},"20":{"start":{"line":46,"column":31},"end":{"line":46,"column":51}},"21":{"start":{"line":48,"column":8},"end":{"line":48,"column":58}},"22":{"start":{"line":53,"column":0},"end":{"line":53,"column":23}}},"fnMap":{"0":{"name":"(anonymous_0)","decl":{"start":{"line":2,"column":4},"end":{"line":2,"column":5}},"loc":{"start":{"line":2,"column":37},"end":{"line":8,"column":5}},"line":2},"1":{"name":"(anonymous_1)","decl":{"start":{"line":10,"column":4},"end":{"line":10,"column":5}},"loc":{"start":{"line":10,"column":14},"end":{"line":14,"column":5}},"line":10},"2":{"name":"(anonymous_2)","decl":{"start":{"line":16,"column":4},"end":{"line":16,"column":5}},"loc":{"start":{"line":16,"column":33},"end":{"line":27,"column":5}},"line":16},"3":{"name":"(anonymous_3)","decl":{"start":{"line":29,"column":4},"end":{"line":29,"column":5}},"loc":{"start":{"line":29,"column":18},"end":{"line":34,"column":5}},"line":29},"4":{"name":"(anonymous_4)","decl":{"start":{"line":36,"column":4},"end":{"line":36,"column":5}},"loc":{"start":{"line":36,"column":14},"end":{"line":49,"column":5}},"line":36}},"branchMap":{"0":{"loc":{"start":{"line":40,"column":8},"end":{"line":44,"column":9}},"type":"if","locations":[{"start":{"line":40,"column":8},"end":{"line":44,"column":9}},{"start":{"line":40,"column":8},"end":{"line":44,"column":9}}],"line":40},"1":{"loc":{"start":{"line":40,"column":12},"end":{"line":40,"column":39}},"type":"binary-expr","locations":[{"start":{"line":40,"column":12},"end":{"line":40,"column":23}},{"start":{"line":40,"column":27},"end":{"line":40,"column":39}}],"line":40},"2":{"loc":{"start":{"line":42,"column":15},"end":{"line":44,"column":9}},"type":"if","locations":[{"start":{"line":42,"column":15},"end":{"line":44,"column":9}},{"start":{"line":42,"column":15},"end":{"line":44,"column":9}}],"line":42},"3":{"loc":{"start":{"line":42,"column":19},"end":{"line":42,"column":63}},"type":"binary-expr","locations":[{"start":{"line":42,"column":19},"end":{"line":42,"column":30}},{"start":{"line":42,"column":34},"end":{"line":42,"column":63}}],"line":42},"4":{"loc":{"start":{"line":46,"column":31},"end":{"line":46,"column":51}},"type":"cond-expr","locations":[{"start":{"line":46,"column":45},"end":{"line":46,"column":46}},{"start":{"line":46,"column":49},"end":{"line":46,"column":51}}],"line":46}},"s":{"0":31,"1":31,"2":31,"3":31,"4":31,"5":8,"6":8,"7":8,"8":16,"9":16,"10":16,"11":8,"12":8,"13":8,"14":5,"15":5,"16":5,"17":3,"18":2,"19":0,"20":5,"21":5,"22":3},"f":{"0":31,"1":8,"2":16,"3":8,"4":5},"b":{"0":[3,2],"1":[5,3],"2":[0,2],"3":[2,2],"4":[2,3]},"_coverageSchema":"1a1c01bbd47fc00a2c39e90264f33305004495a9","hash":"8c3d7843bf6e4dd01cc8766bfc426b96aecfd06c"}
}
