TN:
SF:Mission.js
FN:5,(anonymous_0)
FN:10,(anonymous_1)
FN:22,(anonymous_2)
FN:38,(anonymous_3)
FN:51,(anonymous_4)
FN:54,(anonymous_5)
FN:57,(anonymous_6)
FN:67,(anonymous_7)
FN:92,(anonymous_8)
FNF:9
FNH:7
FNDA:3,(anonymous_0)
FNDA:0,(anonymous_1)
FNDA:0,(anonymous_2)
FNDA:6,(anonymous_3)
FNDA:1,(anonymous_4)
FNDA:2,(anonymous_5)
FNDA:2,(anonymous_6)
FNDA:2,(anonymous_7)
FNDA:3,(anonymous_8)
DA:1,1
DA:2,1
DA:6,3
DA:7,3
DA:11,0
DA:12,0
DA:13,0
DA:15,0
DA:16,0
DA:19,0
DA:24,0
DA:25,0
DA:26,0
DA:28,0
DA:29,0
DA:30,0
DA:32,0
DA:40,6
DA:41,1
DA:42,5
DA:43,2
DA:44,3
DA:45,3
DA:46,0
DA:47,0
DA:53,1
DA:54,2
DA:57,2
DA:58,0
DA:59,0
DA:63,1
DA:69,2
DA:71,2
DA:73,2
DA:76,2
DA:77,0
DA:78,0
DA:81,2
DA:82,0
DA:83,0
DA:87,2
DA:89,2
DA:94,3
DA:96,3
DA:98,3
DA:101,3
DA:102,0
DA:103,0
DA:107,3
DA:110,3
DA:111,7
DA:112,7
DA:113,7
DA:114,7
DA:116,0
DA:119,0
DA:124,3
DA:128,1
LF:58
LH:33
BRDA:5,0,0,0
BRDA:10,1,0,0
BRDA:25,2,0,0
BRDA:25,2,1,0
BRDA:29,3,0,0
BRDA:29,3,1,0
BRDA:40,4,0,1
BRDA:40,4,1,5
BRDA:42,5,0,2
BRDA:42,5,1,3
BRDA:44,6,0,3
BRDA:44,6,1,0
BRDA:46,7,0,0
BRDA:46,7,1,0
BRDA:57,8,0,0
BRDA:57,8,1,1
BRDA:76,9,0,0
BRDA:76,9,1,2
BRDA:76,10,0,2
BRDA:76,10,1,2
BRDA:81,11,0,0
BRDA:81,11,1,2
BRDA:101,12,0,0
BRDA:101,12,1,3
BRDA:112,13,0,7
BRDA:112,13,1,0
BRDA:113,14,0,7
BRDA:113,14,1,0
BRF:28
BRH:13
end_of_record
TN:
SF:Plateau.js
FN:2,(anonymous_0)
FN:9,(anonymous_1)
FN:15,(anonymous_2)
FN:18,(anonymous_3)
FN:26,(anonymous_4)
FN:34,(anonymous_5)
FN:50,(anonymous_6)
FN:58,(anonymous_7)
FN:59,(anonymous_8)
FN:64,(anonymous_9)
FN:76,(anonymous_10)
FN:90,(anonymous_11)
FNF:12
FNH:12
FNDA:14,(anonymous_0)
FNDA:5,(anonymous_1)
FNDA:4,(anonymous_2)
FNDA:5,(anonymous_3)
FNDA:21,(anonymous_4)
FNDA:8,(anonymous_5)
FNDA:25,(anonymous_6)
FNDA:26,(anonymous_7)
FNDA:11,(anonymous_8)
FNDA:53,(anonymous_9)
FNDA:28,(anonymous_10)
FNDA:10,(anonymous_11)
DA:3,14
DA:4,14
DA:5,14
DA:6,14
DA:10,5
DA:11,2
DA:14,3
DA:15,4
DA:17,3
DA:18,5
DA:19,3
DA:20,3
DA:23,3
DA:27,21
DA:29,21
DA:30,21
DA:34,21
DA:35,1
DA:36,1
DA:37,1
DA:39,20
DA:40,16
DA:43,4
DA:44,4
DA:45,4
DA:46,4
DA:51,25
DA:52,10
DA:53,10
DA:54,10
DA:59,26
DA:60,11
DA:65,53
DA:66,4
DA:69,49
DA:70,4
DA:73,45
DA:77,28
DA:78,3
DA:81,25
DA:83,25
DA:84,4
DA:87,21
DA:91,10
DA:92,0
DA:95,10
DA:96,3
DA:97,3
DA:100,7
DA:103,7
DA:105,4
DA:106,4
DA:109,3
DA:111,3
DA:112,2
DA:114,1
DA:115,1
DA:117,3
DA:118,3
DA:119,3
DA:125,2
LF:61
LH:60
BRDA:10,0,0,2
BRDA:10,0,1,3
BRDA:10,1,0,5
BRDA:10,1,1,3
BRDA:17,2,0,3
BRDA:17,2,1,0
BRDA:34,3,0,1
BRDA:34,3,1,20
BRDA:39,4,0,16
BRDA:39,4,1,4
BRDA:39,5,0,20
BRDA:39,5,1,18
BRDA:51,6,0,10
BRDA:51,6,1,15
BRDA:60,7,0,11
BRDA:60,7,1,11
BRDA:60,7,2,5
BRDA:65,8,0,4
BRDA:65,8,1,49
BRDA:65,9,0,53
BRDA:65,9,1,49
BRDA:69,10,0,4
BRDA:69,10,1,45
BRDA:69,11,0,49
BRDA:69,11,1,47
BRDA:77,12,0,3
BRDA:77,12,1,25
BRDA:83,13,0,4
BRDA:83,13,1,21
BRDA:91,14,0,0
BRDA:91,14,1,10
BRDA:95,15,0,3
BRDA:95,15,1,7
BRDA:95,16,0,10
BRDA:95,16,1,8
BRDA:103,17,0,4
BRDA:103,17,1,3
BRDA:111,18,0,2
BRDA:111,18,1,1
BRF:39
BRH:37
end_of_record
TN:
SF:Rover.js
FN:2,(anonymous_0)
FN:10,(anonymous_1)
FN:16,(anonymous_2)
FN:29,(anonymous_3)
FN:36,(anonymous_4)
FNF:5
FNH:5
FNDA:31,(anonymous_0)
FNDA:8,(anonymous_1)
FNDA:16,(anonymous_2)
FNDA:8,(anonymous_3)
FNDA:5,(anonymous_4)
DA:3,31
DA:4,31
DA:5,31
DA:6,31
DA:7,31
DA:11,8
DA:12,8
DA:13,8
DA:17,16
DA:24,16
DA:26,16
DA:30,8
DA:32,8
DA:33,8
DA:37,5
DA:40,5
DA:41,5
DA:42,3
DA:43,2
DA:44,0
DA:48,5
DA:50,5
DA:55,3
LF:23
LH:22
BRDA:41,0,0,3
BRDA:41,0,1,2
BRDA:41,1,0,5
BRDA:41,1,1,3
BRDA:43,2,0,0
BRDA:43,2,1,2
BRDA:43,3,0,2
BRDA:43,3,1,2
BRDA:48,4,0,2
BRDA:48,4,1,3
BRF:10
BRH:9
end_of_record
