TN:
SF:Mission.js
FN:5,(anonymous_0)
FN:10,(anonymous_1)
FN:22,(anonymous_2)
FN:37,(anonymous_3)
FN:49,(anonymous_4)
FN:51,(anonymous_5)
FN:53,(anonymous_6)
FN:62,(anonymous_7)
FN:84,(anonymous_8)
FNF:9
FNH:7
FNDA:3,(anonymous_0)
FNDA:0,(anonymous_1)
FNDA:0,(anonymous_2)
FNDA:6,(anonymous_3)
FNDA:1,(anonymous_4)
FNDA:2,(anonymous_5)
FNDA:2,(anonymous_6)
FNDA:2,(anonymous_7)
FNDA:3,(anonymous_8)
DA:1,1
DA:2,1
DA:6,3
DA:7,3
DA:11,0
DA:12,0
DA:13,0
DA:15,0
DA:16,0
DA:19,0
DA:23,0
DA:24,0
DA:25,0
DA:27,0
DA:28,0
DA:29,0
DA:31,0
DA:38,6
DA:39,1
DA:40,5
DA:41,2
DA:42,3
DA:43,3
DA:44,0
DA:45,0
DA:50,1
DA:51,2
DA:53,2
DA:54,0
DA:55,0
DA:58,1
DA:63,2
DA:65,2
DA:67,2
DA:69,2
DA:70,0
DA:71,0
DA:74,2
DA:75,0
DA:76,0
DA:79,2
DA:81,2
DA:85,3
DA:87,3
DA:89,3
DA:91,3
DA:92,0
DA:93,0
DA:96,3
DA:98,3
DA:99,7
DA:100,7
DA:101,7
DA:102,7
DA:104,0
DA:107,0
DA:112,3
DA:116,1
LF:58
LH:33
BRDA:5,0,0,0
BRDA:10,1,0,0
BRDA:24,2,0,0
BRDA:24,2,1,0
BRDA:28,3,0,0
BRDA:28,3,1,0
BRDA:38,4,0,1
BRDA:38,4,1,5
BRDA:40,5,0,2
BRDA:40,5,1,3
BRDA:42,6,0,3
BRDA:42,6,1,0
BRDA:44,7,0,0
BRDA:44,7,1,0
BRDA:53,8,0,0
BRDA:53,8,1,1
BRDA:69,9,0,0
BRDA:69,9,1,2
BRDA:69,10,0,2
BRDA:69,10,1,2
BRDA:74,11,0,0
BRDA:74,11,1,2
BRDA:91,12,0,0
BRDA:91,12,1,3
BRDA:100,13,0,7
BRDA:100,13,1,0
BRDA:101,14,0,7
BRDA:101,14,1,0
BRF:28
BRH:13
end_of_record
TN:
SF:Plateau.js
FN:2,(anonymous_0)
FN:9,(anonymous_1)
FN:15,(anonymous_2)
FN:18,(anonymous_3)
FN:26,(anonymous_4)
FN:32,(anonymous_5)
FN:47,(anonymous_6)
FN:55,(anonymous_7)
FN:56,(anonymous_8)
FN:61,(anonymous_9)
FN:73,(anonymous_10)
FN:87,(anonymous_11)
FN:117,(anonymous_12)
FN:120,(anonymous_13)
FNF:14
FNH:12
FNDA:14,(anonymous_0)
FNDA:5,(anonymous_1)
FNDA:4,(anonymous_2)
FNDA:5,(anonymous_3)
FNDA:21,(anonymous_4)
FNDA:8,(anonymous_5)
FNDA:25,(anonymous_6)
FNDA:26,(anonymous_7)
FNDA:11,(anonymous_8)
FNDA:53,(anonymous_9)
FNDA:28,(anonymous_10)
FNDA:10,(anonymous_11)
FNDA:0,(anonymous_12)
FNDA:0,(anonymous_13)
DA:3,14
DA:4,14
DA:5,14
DA:6,14
DA:10,5
DA:11,2
DA:14,3
DA:15,4
DA:17,3
DA:18,5
DA:19,3
DA:20,3
DA:23,3
DA:27,21
DA:29,21
DA:30,21
DA:32,21
DA:33,1
DA:34,1
DA:35,1
DA:36,20
DA:37,16
DA:40,4
DA:41,4
DA:42,4
DA:43,4
DA:48,25
DA:49,10
DA:50,10
DA:51,10
DA:56,26
DA:57,11
DA:62,53
DA:63,4
DA:66,49
DA:67,4
DA:70,45
DA:74,28
DA:75,3
DA:78,25
DA:80,25
DA:81,4
DA:84,21
DA:88,10
DA:89,0
DA:92,10
DA:93,3
DA:94,3
DA:96,7
DA:97,7
DA:98,4
DA:99,4
DA:102,3
DA:104,3
DA:105,2
DA:107,1
DA:108,1
DA:110,3
DA:111,3
DA:112,3
DA:118,0
DA:120,0
DA:124,3
LF:63
LH:60
BRDA:10,0,0,2
BRDA:10,0,1,3
BRDA:10,1,0,5
BRDA:10,1,1,3
BRDA:17,2,0,3
BRDA:17,2,1,0
BRDA:32,3,0,1
BRDA:32,3,1,20
BRDA:36,4,0,16
BRDA:36,4,1,4
BRDA:36,5,0,20
BRDA:36,5,1,18
BRDA:48,6,0,10
BRDA:48,6,1,15
BRDA:57,7,0,11
BRDA:57,7,1,11
BRDA:57,7,2,5
BRDA:62,8,0,4
BRDA:62,8,1,49
BRDA:62,9,0,53
BRDA:62,9,1,49
BRDA:66,10,0,4
BRDA:66,10,1,45
BRDA:66,11,0,49
BRDA:66,11,1,47
BRDA:74,12,0,3
BRDA:74,12,1,25
BRDA:80,13,0,4
BRDA:80,13,1,21
BRDA:88,14,0,0
BRDA:88,14,1,10
BRDA:92,15,0,3
BRDA:92,15,1,7
BRDA:92,16,0,10
BRDA:92,16,1,8
BRDA:97,17,0,4
BRDA:97,17,1,3
BRDA:104,18,0,2
BRDA:104,18,1,1
BRF:39
BRH:37
end_of_record
TN:
SF:Rover.js
FN:2,(anonymous_0)
FN:10,(anonymous_1)
FN:16,(anonymous_2)
FN:29,(anonymous_3)
FN:36,(anonymous_4)
FNF:5
FNH:5
FNDA:31,(anonymous_0)
FNDA:8,(anonymous_1)
FNDA:16,(anonymous_2)
FNDA:8,(anonymous_3)
FNDA:5,(anonymous_4)
DA:3,31
DA:4,31
DA:5,31
DA:6,31
DA:7,31
DA:11,8
DA:12,8
DA:13,8
DA:17,16
DA:24,16
DA:26,16
DA:30,8
DA:32,8
DA:33,8
DA:37,5
DA:39,5
DA:40,5
DA:41,3
DA:42,2
DA:43,0
DA:46,5
DA:48,5
DA:53,3
LF:23
LH:22
BRDA:40,0,0,3
BRDA:40,0,1,2
BRDA:40,1,0,5
BRDA:40,1,1,3
BRDA:42,2,0,0
BRDA:42,2,1,2
BRDA:42,3,0,2
BRDA:42,3,1,2
BRDA:46,4,0,2
BRDA:46,4,1,3
BRF:10
BRH:9
end_of_record
